# JRE version: Java(TM) SE Runtime Environment (21.0.8+12) (build 21.0.8+12-LTS-250)
# Java VM: Java HotSpot(TM) 64-Bit Server VM (21.0.8+12-LTS-250, mixed mode, sharing, tiered, compressed oops, compressed class ptrs, g1 gc, windows-amd64)
GC Precious Log:
 CardTable entry size: 512
 Card Set container configuration: InlinePtr #cards 4 size 8 Array Of Cards #cards 16 size 48 Howl #buckets 8 coarsen threshold 3686 Howl Bitmap #cards 512 size 80 coarsen threshold 460 Card regions per heap region 1 cards per card region 4096
 CPUs: 8 total, 8 available
 Memory: 16179M
 Large Page Support: Disabled
 NUMA Support: Disabled
 Compressed Oops: Enabled (Zero based)
 Heap Region Size: 2M
 Heap Min Capacity: 8M
 Heap Initial Capacity: 254M
 Heap Max Capacity: 4046M
 Pre-touch: Disabled
 Parallel Workers: 8
 Concurrent Workers: 2
 Concurrent Refinement Workers: 8
 Periodic GC: Disabled
Heap:
 garbage-first heap   total 217088K, used 134322K [0x0000000703200000, 0x0000000800000000)
  region size 2048K, 37 young (75776K), 5 survivors (10240K)
 Metaspace       used 102501K, committed 103360K, reserved 1179648K
  class space    used 13749K, committed 14144K, reserved 1048576K
GC Heap History (20 events):
Event: 15.869 GC heap before
{Heap before GC invocations=26 (full 0):
 garbage-first heap   total 71680K, used 61582K [0x0000000703200000, 0x0000000800000000)
  region size 2048K, 11 young (22528K), 1 survivors (2048K)
 Metaspace       used 81262K, committed 81920K, reserved 1179648K
  class space    used 10987K, committed 11328K, reserved 1048576K
}
Event: 15.872 GC heap after
{Heap after GC invocations=27 (full 0):
 garbage-first heap   total 86016K, used 41524K [0x0000000703200000, 0x0000000800000000)
  region size 2048K, 1 young (2048K), 1 survivors (2048K)
 Metaspace       used 81262K, committed 81920K, reserved 1179648K
  class space    used 10987K, committed 11328K, reserved 1048576K
}
Event: 16.136 GC heap before
{Heap before GC invocations=28 (full 0):
 garbage-first heap   total 86016K, used 76340K [0x0000000703200000, 0x0000000800000000)
  region size 2048K, 18 young (36864K), 1 survivors (2048K)
 Metaspace       used 81755K, committed 82432K, reserved 1179648K
  class space    used 11064K, committed 11392K, reserved 1048576K
}
Event: 16.139 GC heap after
{Heap after GC invocations=29 (full 0):
 garbage-first heap   total 86016K, used 41917K [0x0000000703200000, 0x0000000800000000)
  region size 2048K, 1 young (2048K), 1 survivors (2048K)
 Metaspace       used 81755K, committed 82432K, reserved 1179648K
  class space    used 11064K, committed 11392K, reserved 1048576K
}
Event: 16.649 GC heap before
{Heap before GC invocations=29 (full 0):
 garbage-first heap   total 86016K, used 76733K [0x0000000703200000, 0x0000000800000000)
  region size 2048K, 18 young (36864K), 1 survivors (2048K)
 Metaspace       used 82722K, committed 83392K, reserved 1179648K
  class space    used 11179K, committed 11520K, reserved 1048576K
}
Event: 16.655 GC heap after
{Heap after GC invocations=30 (full 0):
 garbage-first heap   total 86016K, used 43302K [0x0000000703200000, 0x0000000800000000)
  region size 2048K, 2 young (4096K), 2 survivors (4096K)
 Metaspace       used 82722K, committed 83392K, reserved 1179648K
  class space    used 11179K, committed 11520K, reserved 1048576K
}
Event: 16.737 GC heap before
{Heap before GC invocations=30 (full 0):
 garbage-first heap   total 86016K, used 74022K [0x0000000703200000, 0x0000000800000000)
  region size 2048K, 17 young (34816K), 2 survivors (4096K)
 Metaspace       used 82725K, committed 83392K, reserved 1179648K
  class space    used 11179K, committed 11520K, reserved 1048576K
}
Event: 16.742 GC heap after
{Heap after GC invocations=31 (full 0):
 garbage-first heap   total 86016K, used 46103K [0x0000000703200000, 0x0000000800000000)
  region size 2048K, 3 young (6144K), 3 survivors (6144K)
 Metaspace       used 82725K, committed 83392K, reserved 1179648K
  class space    used 11179K, committed 11520K, reserved 1048576K
}
Event: 16.831 GC heap before
{Heap before GC invocations=32 (full 0):
 garbage-first heap   total 102400K, used 72727K [0x0000000703200000, 0x0000000800000000)
  region size 2048K, 16 young (32768K), 3 survivors (6144K)
 Metaspace       used 82728K, committed 83392K, reserved 1179648K
  class space    used 11179K, committed 11520K, reserved 1048576K
}
Event: 16.838 GC heap after
{Heap after GC invocations=33 (full 0):
 garbage-first heap   total 102400K, used 48629K [0x0000000703200000, 0x0000000800000000)
  region size 2048K, 2 young (4096K), 2 survivors (4096K)
 Metaspace       used 82728K, committed 83392K, reserved 1179648K
  class space    used 11179K, committed 11520K, reserved 1048576K
}
Event: 16.945 GC heap before
{Heap before GC invocations=33 (full 0):
 garbage-first heap   total 102400K, used 91637K [0x0000000703200000, 0x0000000800000000)
  region size 2048K, 23 young (47104K), 2 survivors (4096K)
 Metaspace       used 82787K, committed 83456K, reserved 1179648K
  class space    used 11191K, committed 11520K, reserved 1048576K
}
Event: 16.955 GC heap after
{Heap after GC invocations=34 (full 0):
 garbage-first heap   total 108544K, used 58593K [0x0000000703200000, 0x0000000800000000)
  region size 2048K, 3 young (6144K), 3 survivors (6144K)
 Metaspace       used 82787K, committed 83456K, reserved 1179648K
  class space    used 11191K, committed 11520K, reserved 1048576K
}
Event: 17.327 GC heap before
{Heap before GC invocations=34 (full 0):
 garbage-first heap   total 108544K, used 91361K [0x0000000703200000, 0x0000000800000000)
  region size 2048K, 19 young (38912K), 3 survivors (6144K)
 Metaspace       used 83633K, committed 84352K, reserved 1179648K
  class space    used 11303K, committed 11648K, reserved 1048576K
}
Event: 17.335 GC heap after
{Heap after GC invocations=35 (full 0):
 garbage-first heap   total 217088K, used 62002K [0x0000000703200000, 0x0000000800000000)
  region size 2048K, 2 young (4096K), 2 survivors (4096K)
 Metaspace       used 83633K, committed 84352K, reserved 1179648K
  class space    used 11303K, committed 11648K, reserved 1048576K
}
Event: 19.034 GC heap before
{Heap before GC invocations=36 (full 0):
 garbage-first heap   total 217088K, used 164402K [0x0000000703200000, 0x0000000800000000)
  region size 2048K, 52 young (106496K), 2 survivors (4096K)
 Metaspace       used 84923K, committed 85632K, reserved 1179648K
  class space    used 11399K, committed 11712K, reserved 1048576K
}
Event: 19.038 GC heap after
{Heap after GC invocations=37 (full 0):
 garbage-first heap   total 217088K, used 63861K [0x0000000703200000, 0x0000000800000000)
  region size 2048K, 3 young (6144K), 3 survivors (6144K)
 Metaspace       used 84923K, committed 85632K, reserved 1179648K
  class space    used 11399K, committed 11712K, reserved 1048576K
}
Event: 22.332 GC heap before
{Heap before GC invocations=37 (full 0):
 garbage-first heap   total 217088K, used 186741K [0x0000000703200000, 0x0000000800000000)
  region size 2048K, 63 young (129024K), 3 survivors (6144K)
 Metaspace       used 94955K, committed 95744K, reserved 1179648K
  class space    used 12771K, committed 13120K, reserved 1048576K
}
Event: 22.343 GC heap after
{Heap after GC invocations=38 (full 0):
 garbage-first heap   total 217088K, used 70259K [0x0000000703200000, 0x0000000800000000)
  region size 2048K, 6 young (12288K), 6 survivors (12288K)
 Metaspace       used 94955K, committed 95744K, reserved 1179648K
  class space    used 12771K, committed 13120K, reserved 1048576K
}
Event: 262.986 GC heap before
{Heap before GC invocations=38 (full 0):
 garbage-first heap   total 217088K, used 186995K [0x0000000703200000, 0x0000000800000000)
  region size 2048K, 63 young (129024K), 6 survivors (12288K)
 Metaspace       used 102360K, committed 103232K, reserved 1179648K
  class space    used 13745K, committed 14144K, reserved 1048576K
}
Event: 263.013 GC heap after
{Heap after GC invocations=39 (full 0):
 garbage-first heap   total 217088K, used 72882K [0x0000000703200000, 0x0000000800000000)
  region size 2048K, 5 young (10240K), 5 survivors (10240K)
 Metaspace       used 102360K, committed 103232K, reserved 1179648K
  class space    used 13745K, committed 14144K, reserved 1048576K
}

